Using pre-set license
Built from '2022.3/staging' branch; Version is '2022.3.21f1 (bf09ca542b87) revision 12519882'; Using compiler version '192829333'; Build Type 'Release'
OS: 'Windows 11  (10.0.22631) 64bit CoreSingleLanguage' Language: 'en' Physical Memory: 16179 MB
BatchMode: 1, IsHumanControllingUs: 0, StartBugReporterOnCrash: 0, Is64bit: 1, IsPro: 1

COMMAND LINE ARGUMENTS:
C:\Program Files\Unity\Hub\Editor\2022.3.21f1\Editor\Unity.exe
-adb2
-batchMode
-noUpm
-name
AssetImportWorker0
-projectPath
C:/codes/Unity/Tugas2
-logFile
Logs/AssetImportWorker0.log
-srvPort
60334
Successfully changed project path to: C:/codes/Unity/Tugas2
C:/codes/Unity/Tugas2
[UnityMemory] Configuration Parameters - Can be set up in boot.config
    "memorysetup-bucket-allocator-granularity=16"
    "memorysetup-bucket-allocator-bucket-count=8"
    "memorysetup-bucket-allocator-block-size=33554432"
    "memorysetup-bucket-allocator-block-count=8"
    "memorysetup-main-allocator-block-size=16777216"
    "memorysetup-thread-allocator-block-size=16777216"
    "memorysetup-gfx-main-allocator-block-size=16777216"
    "memorysetup-gfx-thread-allocator-block-size=16777216"
    "memorysetup-cache-allocator-block-size=4194304"
    "memorysetup-typetree-allocator-block-size=2097152"
    "memorysetup-profiler-bucket-allocator-granularity=16"
    "memorysetup-profiler-bucket-allocator-bucket-count=8"
    "memorysetup-profiler-bucket-allocator-block-size=33554432"
    "memorysetup-profiler-bucket-allocator-block-count=8"
    "memorysetup-profiler-allocator-block-size=16777216"
    "memorysetup-profiler-editor-allocator-block-size=1048576"
    "memorysetup-temp-allocator-size-main=16777216"
    "memorysetup-job-temp-allocator-block-size=2097152"
    "memorysetup-job-temp-allocator-block-size-background=1048576"
    "memorysetup-job-temp-allocator-reduction-small-platforms=262144"
    "memorysetup-allocator-temp-initial-block-size-main=262144"
    "memorysetup-allocator-temp-initial-block-size-worker=262144"
    "memorysetup-temp-allocator-size-background-worker=32768"
    "memorysetup-temp-allocator-size-job-worker=262144"
    "memorysetup-temp-allocator-size-preload-manager=33554432"
    "memorysetup-temp-allocator-size-nav-mesh-worker=65536"
    "memorysetup-temp-allocator-size-audio-worker=65536"
    "memorysetup-temp-allocator-size-cloud-worker=32768"
    "memorysetup-temp-allocator-size-gi-baking-worker=262144"
    "memorysetup-temp-allocator-size-gfx=262144"
Player connection [7956] Host "[IP] 192.168.56.1 [Port] 0 [Flags] 2 [Guid] 732842260 [EditorId] 732842260 [Version] 1048832 [Id] WindowsEditor(7,LAPTOP-31JQN93L) [Debug] 1 [PackageName] WindowsEditor [ProjectName] Editor" joined multi-casting on [225.0.0.222:54997]...

Player connection [7956] Host "[IP] 192.168.56.1 [Port] 0 [Flags] 2 [Guid] 732842260 [EditorId] 732842260 [Version] 1048832 [Id] WindowsEditor(7,LAPTOP-31JQN93L) [Debug] 1 [PackageName] WindowsEditor [ProjectName] Editor" joined alternative multi-casting on [225.0.0.222:34997]...

[Physics::Module] Initialized MultithreadedJobDispatcher with 7 workers.
Refreshing native plugins compatible for Editor in 6.87 ms, found 3 plugins.
Preloading 0 native plugins for Editor in 0.00 ms.
Initialize engine version: 2022.3.21f1 (bf09ca542b87)
[Subsystems] Discovering subsystems at path C:/Program Files/Unity/Hub/Editor/2022.3.21f1/Editor/Data/Resources/UnitySubsystems
[Subsystems] Discovering subsystems at path C:/codes/Unity/Tugas2/Assets
GfxDevice: creating device client; threaded=0; jobified=0
Direct3D:
    Version:  Direct3D 11.0 [level 11.1]
    Renderer: Intel(R) Iris(R) Xe Graphics (ID=0x9a49)
    Vendor:   Intel
    VRAM:     8089 MB
    Driver:   30.0.100.9864
Initialize mono
Mono path[0] = 'C:/Program Files/Unity/Hub/Editor/2022.3.21f1/Editor/Data/Managed'
Mono path[1] = 'C:/Program Files/Unity/Hub/Editor/2022.3.21f1/Editor/Data/MonoBleedingEdge/lib/mono/unityjit-win32'
Mono config path = 'C:/Program Files/Unity/Hub/Editor/2022.3.21f1/Editor/Data/MonoBleedingEdge/etc'
Using monoOptions --debugger-agent=transport=dt_socket,embedding=1,server=y,suspend=n,address=127.0.0.1:56688
Begin MonoManager ReloadAssembly
Registering precompiled unity dll's ...
Register platform support module: C:/Program Files/Unity/Hub/Editor/2022.3.21f1/Editor/Data/PlaybackEngines/WebGLSupport/UnityEditor.WebGL.Extensions.dll
Register platform support module: C:/Program Files/Unity/Hub/Editor/2022.3.21f1/Editor/Data/PlaybackEngines/WindowsStandaloneSupport/UnityEditor.WindowsStandalone.Extensions.dll
Registered in 0.017900 seconds.
- Loaded All Assemblies, in  0.386 seconds
Native extension for WindowsStandalone target not found
Native extension for WebGL target not found
Mono: successfully reloaded assembly
- Finished resetting the current domain, in  0.293 seconds
Domain Reload Profiling: 678ms
	BeginReloadAssembly (101ms)
		ExecutionOrderSort (0ms)
		DisableScriptedObjects (0ms)
		BackupInstance (0ms)
		ReleaseScriptingObjects (0ms)
		CreateAndSetChildDomain (1ms)
	RebuildCommonClasses (33ms)
	RebuildNativeTypeToScriptingClass (12ms)
	initialDomainReloadingComplete (79ms)
	LoadAllAssembliesAndSetupDomain (159ms)
		LoadAssemblies (99ms)
		RebuildTransferFunctionScriptingTraits (0ms)
		AnalyzeDomain (157ms)
			TypeCache.Refresh (156ms)
				TypeCache.ScanAssembly (139ms)
			ScanForSourceGeneratedMonoScriptInfo (0ms)
			ResolveRequiredComponents (1ms)
	FinalizeReload (294ms)
		ReleaseScriptCaches (0ms)
		RebuildScriptCaches (0ms)
		SetupLoadedEditorAssemblies (233ms)
			LogAssemblyErrors (0ms)
			InitializePlatformSupportModulesInManaged (9ms)
			SetLoadedEditorAssemblies (5ms)
			RefreshPlugins (0ms)
			BeforeProcessingInitializeOnLoad (2ms)
			ProcessInitializeOnLoadAttributes (166ms)
			ProcessInitializeOnLoadMethodAttributes (51ms)
			AfterProcessingInitializeOnLoad (0ms)
			EditorAssembliesLoaded (0ms)
		ExecutionOrderSort2 (0ms)
		AwakeInstancesAfterBackupRestoration (0ms)
========================================================================
Worker process is ready to serve import requests
Begin MonoManager ReloadAssembly
- Loaded All Assemblies, in  0.607 seconds
Refreshing native plugins compatible for Editor in 2.74 ms, found 3 plugins.
Native extension for WindowsStandalone target not found
Native extension for WebGL target not found
Package Manager log level set to [2]
[Package Manager] Server::EnsureServerProcessIsRunning -- launch failed, reason: Unity was launched with the -noUpm command-line argument
[Package Manager] UpmClient::Send -- Unable to send message (not connected to UPM process).
[Package Manager] Cannot connect to Unity Package Manager local server
Mono: successfully reloaded assembly
- Finished resetting the current domain, in  0.575 seconds
Domain Reload Profiling: 1182ms
	BeginReloadAssembly (161ms)
		ExecutionOrderSort (0ms)
		DisableScriptedObjects (7ms)
		BackupInstance (0ms)
		ReleaseScriptingObjects (0ms)
		CreateAndSetChildDomain (23ms)
	RebuildCommonClasses (34ms)
	RebuildNativeTypeToScriptingClass (14ms)
	initialDomainReloadingComplete (38ms)
	LoadAllAssembliesAndSetupDomain (358ms)
		LoadAssemblies (274ms)
		RebuildTransferFunctionScriptingTraits (0ms)
		AnalyzeDomain (178ms)
			TypeCache.Refresh (158ms)
				TypeCache.ScanAssembly (143ms)
			ScanForSourceGeneratedMonoScriptInfo (15ms)
			ResolveRequiredComponents (4ms)
	FinalizeReload (576ms)
		ReleaseScriptCaches (0ms)
		RebuildScriptCaches (0ms)
		SetupLoadedEditorAssemblies (415ms)
			LogAssemblyErrors (0ms)
			InitializePlatformSupportModulesInManaged (6ms)
			SetLoadedEditorAssemblies (4ms)
			RefreshPlugins (0ms)
			BeforeProcessingInitializeOnLoad (60ms)
			ProcessInitializeOnLoadAttributes (319ms)
			ProcessInitializeOnLoadMethodAttributes (20ms)
			AfterProcessingInitializeOnLoad (5ms)
			EditorAssembliesLoaded (0ms)
		ExecutionOrderSort2 (0ms)
		AwakeInstancesAfterBackupRestoration (9ms)
Launched and connected shader compiler UnityShaderCompiler.exe after 0.04 seconds
Refreshing native plugins compatible for Editor in 2.49 ms, found 3 plugins.
Preloading 0 native plugins for Editor in 0.00 ms.
Unloading 3143 Unused Serialized files (Serialized files now loaded: 0)
Unloading 32 unused Assets / (57.4 KB). Loaded Objects now: 3609.
Memory consumption went from 126.4 MB to 126.4 MB.
Total: 3.083700 ms (FindLiveObjects: 0.302000 ms CreateObjectMapping: 0.199700 ms MarkObjects: 2.464400 ms  DeleteObjects: 0.116600 ms)

AssetImportParameters requested are different than current active one (requested -> active):
  custom:container-demuxer-ogg: 62fdf1f143b41e24485cea50d1cbac27 -> 
  custom:video-decoder-ogg-theora: a1e56fd34408186e4bbccfd4996cb3dc -> 
  custom:framework-win-MediaFoundation: 216162199b28c13a410421893ffa2e32 -> 
  custom:CustomObjectIndexerAttribute: 9a22284fe3817be447336de3de66b15e -> 
  custom:container-demuxer-webm: 4f35f7cbe854078d1ac9338744f61a02 -> 
  custom:container-muxer-webm: aa71ff27fc2769a1b78a27578f13a17b -> 
  custom:video-decoder-webm-vp8: 9c59270c3fd7afecdb556c50c9e8de78 -> 
  custom:SearchIndexIgnoredProperties: e643bd26f0fe6173181afceb89e7c659 -> 
  custom:AudioImporter_EditorPlatform: d09bf68614088b80899f8185d706f6e7 -> 
  custom:video-encoder-webm-vp8: eb34c28f22e8b96e1ab97ce403110664 -> 
  custom:audio-decoder-ogg-vorbis: bf7c407c2cedff20999df2af8eb42d56 -> 
  custom:audio-encoder-webm-vorbis: bf7c407c2cedff20999df2af8eb42d56 -> 
========================================================================
Received Import Request.
  Time since last request: 915132.004621 seconds.
  path: Assets/TextMesh Pro/Resources/Fonts & Materials/LiberationSans SDF - Drop Shadow.mat
  artifactKey: Guid(e73a58f6e2794ae7b1b7e50b7fb811b0) Importer(2089858483,0ecaa5967403d082aa24f35e1b516d23)
Start importing Assets/TextMesh Pro/Resources/Fonts & Materials/LiberationSans SDF - Drop Shadow.mat using Guid(e73a58f6e2794ae7b1b7e50b7fb811b0) Importer(2089858483,0ecaa5967403d082aa24f35e1b516d23)  -> (artifact id: 'c8ff1f87e6427366d0e0c71b772d51d9') in 0.124241 seconds
Number of updated asset objects reloaded before import = 0
Number of asset objects unloaded after import = 2
========================================================================
Received Import Request.
  Time since last request: 0.000028 seconds.
  path: Assets/TextMesh Pro/Resources/LineBreaking Leading Characters.txt
  artifactKey: Guid(d82c1b31c7e74239bff1220585707d2b) Importer(2089858483,0ecaa5967403d082aa24f35e1b516d23)
Start importing Assets/TextMesh Pro/Resources/LineBreaking Leading Characters.txt using Guid(d82c1b31c7e74239bff1220585707d2b) Importer(2089858483,0ecaa5967403d082aa24f35e1b516d23)  -> (artifact id: '79b7e6ee2d3fa1ac1ea15a6b052ca302') in 0.011324 seconds
Number of updated asset objects reloaded before import = 0
Number of asset objects unloaded after import = 1
========================================================================
Received Import Request.
  Time since last request: 0.000023 seconds.
  path: Assets/TextMesh Pro/Shaders/TMPro_Mobile.cginc
  artifactKey: Guid(c334973cef89a9840b0b0c507e0377ab) Importer(2089858483,0ecaa5967403d082aa24f35e1b516d23)
Start importing Assets/TextMesh Pro/Shaders/TMPro_Mobile.cginc using Guid(c334973cef89a9840b0b0c507e0377ab) Importer(2089858483,0ecaa5967403d082aa24f35e1b516d23)  -> (artifact id: '9aef748cd983590def3d27da504c3ec1') in 0.020499 seconds
Number of updated asset objects reloaded before import = 0
Number of asset objects unloaded after import = 1
========================================================================
Received Import Request.
  Time since last request: 0.000019 seconds.
  path: Assets/Materials/Rock.mat
  artifactKey: Guid(000958268d173dc4c80fb1e2b8a2805a) Importer(2089858483,0ecaa5967403d082aa24f35e1b516d23)
Start importing Assets/Materials/Rock.mat using Guid(000958268d173dc4c80fb1e2b8a2805a) Importer(2089858483,0ecaa5967403d082aa24f35e1b516d23)  -> (artifact id: 'd5574674b5b503fe43bb63f3c68a5fa3') in 0.026959 seconds
Number of updated asset objects reloaded before import = 0
Number of asset objects unloaded after import = 1
========================================================================
Received Import Request.
  Time since last request: 0.000021 seconds.
  path: Assets/Toon Muzzleflash Pack/Example Prefabs/Toon Muzzleflash 7.prefab
  artifactKey: Guid(ce94000a78298f447b82a7e25b9ab359) Importer(2089858483,0ecaa5967403d082aa24f35e1b516d23)
Start importing Assets/Toon Muzzleflash Pack/Example Prefabs/Toon Muzzleflash 7.prefab using Guid(ce94000a78298f447b82a7e25b9ab359) Importer(2089858483,0ecaa5967403d082aa24f35e1b516d23)  -> (artifact id: '11b92f68b48d64440979f74a0a00949a') in 0.036150 seconds
Number of updated asset objects reloaded before import = 0
Number of asset objects unloaded after import = 21
========================================================================
Received Import Request.
  Time since last request: 0.000018 seconds.
  path: Assets/AK Pack FREE/AK-74U/Textures/74u_parts_M_74U_Mag_Normal.png
  artifactKey: Guid(036f79b0ecd6e134bb695e93fb22b4e4) Importer(2089858483,0ecaa5967403d082aa24f35e1b516d23)
Start importing Assets/AK Pack FREE/AK-74U/Textures/74u_parts_M_74U_Mag_Normal.png using Guid(036f79b0ecd6e134bb695e93fb22b4e4) Importer(2089858483,0ecaa5967403d082aa24f35e1b516d23)  -> (artifact id: '413e33abf44288a67b0171aeeff4e61f') in 0.059449 seconds
Number of updated asset objects reloaded before import = 0
Number of asset objects unloaded after import = 1
========================================================================
Received Import Request.
  Time since last request: 0.000088 seconds.
  path: Assets/Scripts/CameraBehaviour.cs
  artifactKey: Guid(a6706c8b1b260e244bfffaac6f79c1ba) Importer(2089858483,0ecaa5967403d082aa24f35e1b516d23)
Start importing Assets/Scripts/CameraBehaviour.cs using Guid(a6706c8b1b260e244bfffaac6f79c1ba) Importer(2089858483,0ecaa5967403d082aa24f35e1b516d23)  -> (artifact id: '2d4a49613772fef3261d31d8d931860d') in 0.017299 seconds
Number of updated asset objects reloaded before import = 0
Number of asset objects unloaded after import = 1
========================================================================
Received Import Request.
  Time since last request: 0.000015 seconds.
  path: Assets/TextMesh Pro/Sprites/EmojiOne.json
  artifactKey: Guid(8f05276190cf498a8153f6cbe761d4e6) Importer(2089858483,0ecaa5967403d082aa24f35e1b516d23)
Start importing Assets/TextMesh Pro/Sprites/EmojiOne.json using Guid(8f05276190cf498a8153f6cbe761d4e6) Importer(2089858483,0ecaa5967403d082aa24f35e1b516d23)  -> (artifact id: '13a273d5c0aad3e31feb03144a5dbd6f') in 0.019772 seconds
Number of updated asset objects reloaded before import = 0
Number of asset objects unloaded after import = 1
========================================================================
Received Import Request.
  Time since last request: 0.000018 seconds.
  path: Assets/Toon Muzzleflash Pack/Example Prefabs/Toon Muzzleflash 12.prefab
  artifactKey: Guid(b11531b8eca86ad43a1931bd652b0c61) Importer(2089858483,0ecaa5967403d082aa24f35e1b516d23)
Start importing Assets/Toon Muzzleflash Pack/Example Prefabs/Toon Muzzleflash 12.prefab using Guid(b11531b8eca86ad43a1931bd652b0c61) Importer(2089858483,0ecaa5967403d082aa24f35e1b516d23)  -> (artifact id: 'b3071248d8dbf52019192a509459a115') in 0.026996 seconds
Number of updated asset objects reloaded before import = 0
Number of asset objects unloaded after import = 21
========================================================================
Received Import Request.
  Time since last request: 0.000017 seconds.
  path: Assets/TextMesh Pro/Shaders/TMPro.cginc
  artifactKey: Guid(407bc68d299748449bbf7f48ee690f8d) Importer(2089858483,0ecaa5967403d082aa24f35e1b516d23)
Start importing Assets/TextMesh Pro/Shaders/TMPro.cginc using Guid(407bc68d299748449bbf7f48ee690f8d) Importer(2089858483,0ecaa5967403d082aa24f35e1b516d23)  -> (artifact id: '4f1142083fc57c6c521a28047d02d469') in 0.019571 seconds
Number of updated asset objects reloaded before import = 0
Number of asset objects unloaded after import = 1
========================================================================
Received Import Request.
  Time since last request: 0.000030 seconds.
  path: Assets/Materials/Floor.mat
  artifactKey: Guid(0f9989b036057a246a92f3bf3c9eb12b) Importer(2089858483,0ecaa5967403d082aa24f35e1b516d23)
Start importing Assets/Materials/Floor.mat using Guid(0f9989b036057a246a92f3bf3c9eb12b) Importer(2089858483,0ecaa5967403d082aa24f35e1b516d23)  -> (artifact id: '25294a16859406a20b8cdadf6e05d9e2') in 0.017651 seconds
Number of updated asset objects reloaded before import = 0
Number of asset objects unloaded after import = 1
========================================================================
Received Import Request.
  Time since last request: 0.000021 seconds.
  path: Assets/Materials/Laser.mat
  artifactKey: Guid(1cf221901900c484cac7068c87d0a334) Importer(2089858483,0ecaa5967403d082aa24f35e1b516d23)
Start importing Assets/Materials/Laser.mat using Guid(1cf221901900c484cac7068c87d0a334) Importer(2089858483,0ecaa5967403d082aa24f35e1b516d23)  -> (artifact id: 'cbc19e277b6e035182b2dfebb5df523e') in 0.017186 seconds
Number of updated asset objects reloaded before import = 0
Number of asset objects unloaded after import = 1
========================================================================
Received Import Request.
  Time since last request: 0.000017 seconds.
  path: Assets/AK Pack FREE/AK-74U/Mesh/AK-74u.fbx
  artifactKey: Guid(15fc4d7b13207df44b7428e7e3047fa5) Importer(2089858483,0ecaa5967403d082aa24f35e1b516d23)
Start importing Assets/AK Pack FREE/AK-74U/Mesh/AK-74u.fbx using Guid(15fc4d7b13207df44b7428e7e3047fa5) Importer(2089858483,0ecaa5967403d082aa24f35e1b516d23)  -> (artifact id: '9cc9fcd81d486c9707bb807d2469ba15') in 0.059276 seconds
Number of updated asset objects reloaded before import = 0
Number of asset objects unloaded after import = 32
========================================================================
Received Import Request.
  Time since last request: 0.000017 seconds.
  path: Assets/TextMesh Pro/Shaders/TMP_SDF-Mobile Overlay.shader
  artifactKey: Guid(a02a7d8c237544f1962732b55a9aebf1) Importer(2089858483,0ecaa5967403d082aa24f35e1b516d23)
Start importing Assets/TextMesh Pro/Shaders/TMP_SDF-Mobile Overlay.shader using Guid(a02a7d8c237544f1962732b55a9aebf1) Importer(2089858483,0ecaa5967403d082aa24f35e1b516d23)  -> (artifact id: '9236da6b4b1d0ca43773e6536d4f8b1d') in 0.022099 seconds
Number of updated asset objects reloaded before import = 0
Number of asset objects unloaded after import = 1
========================================================================
Received Import Request.
  Time since last request: 0.000116 seconds.
  path: Assets/Materials/hints.png
  artifactKey: Guid(81c717ac79c6e8646b39b634fe4f3433) Importer(2089858483,0ecaa5967403d082aa24f35e1b516d23)
Start importing Assets/Materials/hints.png using Guid(81c717ac79c6e8646b39b634fe4f3433) Importer(2089858483,0ecaa5967403d082aa24f35e1b516d23)  -> (artifact id: 'f2a08c86076cb21e583b6860117e02aa') in 0.027578 seconds
Number of updated asset objects reloaded before import = 0
Number of asset objects unloaded after import = 3
========================================================================
Received Import Request.
  Time since last request: 0.000017 seconds.
  path: Assets/Toon Muzzleflash Pack/Example Prefabs/Toon Muzzleflash 11.prefab
  artifactKey: Guid(9058260c08717d340aa6d4f552e69e27) Importer(2089858483,0ecaa5967403d082aa24f35e1b516d23)
Start importing Assets/Toon Muzzleflash Pack/Example Prefabs/Toon Muzzleflash 11.prefab using Guid(9058260c08717d340aa6d4f552e69e27) Importer(2089858483,0ecaa5967403d082aa24f35e1b516d23)  -> (artifact id: '4701b3f131afb818d966ed031d995c84') in 0.025356 seconds
Number of updated asset objects reloaded before import = 0
Number of asset objects unloaded after import = 21
========================================================================
Received Import Request.
  Time since last request: 0.000017 seconds.
  path: Assets/Toon Muzzleflash Pack/Components/Spritesheets/Side/toon_muzzleflash_side_spritesheet_2.png
  artifactKey: Guid(6eabaa0866567ca40810e4c83a07ac3b) Importer(2089858483,0ecaa5967403d082aa24f35e1b516d23)
Start importing Assets/Toon Muzzleflash Pack/Components/Spritesheets/Side/toon_muzzleflash_side_spritesheet_2.png using Guid(6eabaa0866567ca40810e4c83a07ac3b) Importer(2089858483,0ecaa5967403d082aa24f35e1b516d23)  -> (artifact id: '4c6540ea29b64f49608985b2363330c5') in 0.038767 seconds
Number of updated asset objects reloaded before import = 0
Number of asset objects unloaded after import = 11
========================================================================
Received Import Request.
  Time since last request: 0.000018 seconds.
  path: Assets/SFX/gunfire.mp3
  artifactKey: Guid(f99aafa4eab9a1048825317e7dfe1404) Importer(2089858483,0ecaa5967403d082aa24f35e1b516d23)
Start importing Assets/SFX/gunfire.mp3 using Guid(f99aafa4eab9a1048825317e7dfe1404) Importer(2089858483,0ecaa5967403d082aa24f35e1b516d23)  -> (artifact id: '97448fcbc1ebbd02f45a72a823053e6d') in 0.060561 seconds
Number of updated asset objects reloaded before import = 0
Number of asset objects unloaded after import = 1
========================================================================
Received Import Request.
  Time since last request: 0.000023 seconds.
  path: Assets/Toon Muzzleflash Pack/Example Prefabs/Toon Muzzleflash 10.prefab
  artifactKey: Guid(f13c1e90acdc2fc488ddaa96db1491f0) Importer(2089858483,0ecaa5967403d082aa24f35e1b516d23)
Start importing Assets/Toon Muzzleflash Pack/Example Prefabs/Toon Muzzleflash 10.prefab using Guid(f13c1e90acdc2fc488ddaa96db1491f0) Importer(2089858483,0ecaa5967403d082aa24f35e1b516d23)  -> (artifact id: 'fdf64763a184cc62aa63e1f921ec031a') in 0.028114 seconds
Number of updated asset objects reloaded before import = 0
Number of asset objects unloaded after import = 21
========================================================================
Received Import Request.
  Time since last request: 0.000021 seconds.
  path: Assets/Materials/settings.png
  artifactKey: Guid(31e466f1ca03dab4885fa2624a51e38c) Importer(2089858483,0ecaa5967403d082aa24f35e1b516d23)
Start importing Assets/Materials/settings.png using Guid(31e466f1ca03dab4885fa2624a51e38c) Importer(2089858483,0ecaa5967403d082aa24f35e1b516d23)  -> (artifact id: 'd983eb105836bfa1ad56662757fcdc09') in 0.027063 seconds
Number of updated asset objects reloaded before import = 0
Number of asset objects unloaded after import = 3
========================================================================
Received Import Request.
  Time since last request: 0.000017 seconds.
  path: Assets/TextMesh Pro/Sprites/EmojiOne.png
  artifactKey: Guid(dffef66376be4fa480fb02b19edbe903) Importer(2089858483,0ecaa5967403d082aa24f35e1b516d23)
Start importing Assets/TextMesh Pro/Sprites/EmojiOne.png using Guid(dffef66376be4fa480fb02b19edbe903) Importer(2089858483,0ecaa5967403d082aa24f35e1b516d23)  -> (artifact id: '7855f0cdabfc5ddc8134a9323641d1a0') in 0.026061 seconds
Number of updated asset objects reloaded before import = 0
Number of asset objects unloaded after import = 1
========================================================================
Received Import Request.
  Time since last request: 0.000016 seconds.
  path: Assets/Toon Muzzleflash Pack/Components/Spritesheets/Side/toon_muzzleflash_side_spritesheet_4.png
  artifactKey: Guid(f1163af3b1501ea4fb235e43fe0d8ec4) Importer(2089858483,0ecaa5967403d082aa24f35e1b516d23)
Start importing Assets/Toon Muzzleflash Pack/Components/Spritesheets/Side/toon_muzzleflash_side_spritesheet_4.png using Guid(f1163af3b1501ea4fb235e43fe0d8ec4) Importer(2089858483,0ecaa5967403d082aa24f35e1b516d23)  -> (artifact id: '2bbee2f02034e44110b0c42cf5476ea0') in 0.039988 seconds
Number of updated asset objects reloaded before import = 0
Number of asset objects unloaded after import = 11
========================================================================
Received Import Request.
  Time since last request: 0.000018 seconds.
  path: Assets/Toon Muzzleflash Pack/Example Prefabs/Toon Muzzleflash 6.prefab
  artifactKey: Guid(e5727721799e00f44906e7af53883073) Importer(2089858483,0ecaa5967403d082aa24f35e1b516d23)
Start importing Assets/Toon Muzzleflash Pack/Example Prefabs/Toon Muzzleflash 6.prefab using Guid(e5727721799e00f44906e7af53883073) Importer(2089858483,0ecaa5967403d082aa24f35e1b516d23)  -> (artifact id: '808c894cd4ab3ab8565db4e6917faf80') in 0.023241 seconds
Number of updated asset objects reloaded before import = 0
Number of asset objects unloaded after import = 21
========================================================================
Received Import Request.
  Time since last request: 0.000017 seconds.
  path: Assets/AK Pack FREE/AK-74U/Textures/74u_parts_M_74U_Trigger_AlbedoTransparency.png
  artifactKey: Guid(de1e0222573589c4badc1383d53227b7) Importer(2089858483,0ecaa5967403d082aa24f35e1b516d23)
Start importing Assets/AK Pack FREE/AK-74U/Textures/74u_parts_M_74U_Trigger_AlbedoTransparency.png using Guid(de1e0222573589c4badc1383d53227b7) Importer(2089858483,0ecaa5967403d082aa24f35e1b516d23)  -> (artifact id: '63a81c9d180e54fe18957147cd91c7fd') in 0.024048 seconds
Number of updated asset objects reloaded before import = 0
Number of asset objects unloaded after import = 1
========================================================================
Received Import Request.
  Time since last request: 0.000021 seconds.
  path: Assets/Toon Muzzleflash Pack/Components/Spritesheets/Front/toon_muzzleflash_front_spritesheet_5.png
  artifactKey: Guid(b0abee70a854b954989a9863f1bcd77c) Importer(2089858483,0ecaa5967403d082aa24f35e1b516d23)
Start importing Assets/Toon Muzzleflash Pack/Components/Spritesheets/Front/toon_muzzleflash_front_spritesheet_5.png using Guid(b0abee70a854b954989a9863f1bcd77c) Importer(2089858483,0ecaa5967403d082aa24f35e1b516d23)  -> (artifact id: '0f41675247b3b73f0a5e71844141fffa') in 0.041295 seconds
Number of updated asset objects reloaded before import = 0
Number of asset objects unloaded after import = 11
========================================================================
Received Import Request.
  Time since last request: 0.000017 seconds.
  path: Assets/Toon Muzzleflash Pack/Example Prefabs/Toon Muzzleflash 8.prefab
  artifactKey: Guid(c460780050234874594e9f7a0f7decc6) Importer(2089858483,0ecaa5967403d082aa24f35e1b516d23)
Start importing Assets/Toon Muzzleflash Pack/Example Prefabs/Toon Muzzleflash 8.prefab using Guid(c460780050234874594e9f7a0f7decc6) Importer(2089858483,0ecaa5967403d082aa24f35e1b516d23)  -> (artifact id: '85eba1dcca24f7d9f7b178815f5989d6') in 0.025730 seconds
Number of updated asset objects reloaded before import = 0
Number of asset objects unloaded after import = 21
========================================================================
Received Import Request.
  Time since last request: 0.000040 seconds.
  path: Assets/TextMesh Pro/Shaders/TMP_Bitmap-Custom-Atlas.shader
  artifactKey: Guid(48bb5f55d8670e349b6e614913f9d910) Importer(2089858483,0ecaa5967403d082aa24f35e1b516d23)
Start importing Assets/TextMesh Pro/Shaders/TMP_Bitmap-Custom-Atlas.shader using Guid(48bb5f55d8670e349b6e614913f9d910) Importer(2089858483,0ecaa5967403d082aa24f35e1b516d23)  -> (artifact id: '972711387db8e714fb9ffb65cdd0e7ea') in 0.017762 seconds
Number of updated asset objects reloaded before import = 0
Number of asset objects unloaded after import = 1
========================================================================
Received Import Request.
  Time since last request: 0.000024 seconds.
  path: Assets/AK Pack FREE/AK-74U/Materials/M_74U_Trigger.mat
  artifactKey: Guid(83e2e6b557e358246bdc47d53efe99ac) Importer(2089858483,0ecaa5967403d082aa24f35e1b516d23)
Start importing Assets/AK Pack FREE/AK-74U/Materials/M_74U_Trigger.mat using Guid(83e2e6b557e358246bdc47d53efe99ac) Importer(2089858483,0ecaa5967403d082aa24f35e1b516d23)  -> (artifact id: '049612b9004a51d3bd7e82042368a420') in 0.019910 seconds
Number of updated asset objects reloaded before import = 0
Number of asset objects unloaded after import = 4
========================================================================
Received Import Request.
  Time since last request: 0.000017 seconds.
  path: Assets/Materials/play.png
  artifactKey: Guid(865677ef07338584a957fcac180f44c4) Importer(2089858483,0ecaa5967403d082aa24f35e1b516d23)
Start importing Assets/Materials/play.png using Guid(865677ef07338584a957fcac180f44c4) Importer(2089858483,0ecaa5967403d082aa24f35e1b516d23)  -> (artifact id: 'a31b1a1b8ca12d8d20fcb634ce12937c') in 0.028325 seconds
Number of updated asset objects reloaded before import = 0
Number of asset objects unloaded after import = 3
========================================================================
Received Import Request.
  Time since last request: 0.000017 seconds.
  path: Assets/Scripts/PauseMenu.cs
  artifactKey: Guid(c89eec3d5c02e564397e676cab8d17e8) Importer(2089858483,0ecaa5967403d082aa24f35e1b516d23)
Start importing Assets/Scripts/PauseMenu.cs using Guid(c89eec3d5c02e564397e676cab8d17e8) Importer(2089858483,0ecaa5967403d082aa24f35e1b516d23)  -> (artifact id: '87ab9501b7f3e583c0b17a8959268428') in 0.017434 seconds
Number of updated asset objects reloaded before import = 0
Number of asset objects unloaded after import = 1
========================================================================
Received Import Request.
  Time since last request: 0.000019 seconds.
  path: Assets/AK Pack FREE/AK-74U/Textures/74u_mag2_M_74U_Mag2_AlbedoTransparency.png
  artifactKey: Guid(2f6390698f6d2564b8c2017dcc5ea41d) Importer(2089858483,0ecaa5967403d082aa24f35e1b516d23)
Start importing Assets/AK Pack FREE/AK-74U/Textures/74u_mag2_M_74U_Mag2_AlbedoTransparency.png using Guid(2f6390698f6d2564b8c2017dcc5ea41d) Importer(2089858483,0ecaa5967403d082aa24f35e1b516d23)  -> (artifact id: 'fe703b70987107f518f085c9c4303f33') in 0.026791 seconds
Number of updated asset objects reloaded before import = 0
Number of asset objects unloaded after import = 1
========================================================================
Received Import Request.
  Time since last request: 0.000042 seconds.
  path: Assets/AK Pack FREE/AK-74U/Materials/M_74U_Silencer.mat
  artifactKey: Guid(8266e7814e5ecd345a09595a1aab0dd1) Importer(2089858483,0ecaa5967403d082aa24f35e1b516d23)
Start importing Assets/AK Pack FREE/AK-74U/Materials/M_74U_Silencer.mat using Guid(8266e7814e5ecd345a09595a1aab0dd1) Importer(2089858483,0ecaa5967403d082aa24f35e1b516d23)  -> (artifact id: 'a5e1f070d6f9511616c4cca805f571ac') in 0.026487 seconds
Number of updated asset objects reloaded before import = 0
Number of asset objects unloaded after import = 4
========================================================================
Received Import Request.
  Time since last request: 0.000023 seconds.
  path: Assets/AK Pack FREE/AK-74U/Textures/74u_parts_M_74U_Silencer_Normal.png
  artifactKey: Guid(23f429f15015f524393175297f7ed84b) Importer(2089858483,0ecaa5967403d082aa24f35e1b516d23)
Start importing Assets/AK Pack FREE/AK-74U/Textures/74u_parts_M_74U_Silencer_Normal.png using Guid(23f429f15015f524393175297f7ed84b) Importer(2089858483,0ecaa5967403d082aa24f35e1b516d23)  -> (artifact id: 'd3e0bd8b15a9e34a82a6a653043de2a4') in 0.029847 seconds
Number of updated asset objects reloaded before import = 0
Number of asset objects unloaded after import = 1
========================================================================
Received Import Request.
  Time since last request: 0.000042 seconds.
  path: Assets/Toon Muzzleflash Pack/Example Prefabs/Toon Muzzleflash 24.prefab
  artifactKey: Guid(04a8a7e981b8f394dabda2126cdfdb3e) Importer(2089858483,0ecaa5967403d082aa24f35e1b516d23)
Start importing Assets/Toon Muzzleflash Pack/Example Prefabs/Toon Muzzleflash 24.prefab using Guid(04a8a7e981b8f394dabda2126cdfdb3e) Importer(2089858483,0ecaa5967403d082aa24f35e1b516d23)  -> (artifact id: 'b123d1b908b5fda256e19a3447b7409d') in 0.026978 seconds
Number of updated asset objects reloaded before import = 0
Number of asset objects unloaded after import = 21
========================================================================
Received Import Request.
  Time since last request: 0.000026 seconds.
  path: Assets/AK Pack FREE/AK-74U/AK-74u KOBRA SIGHT.prefab
  artifactKey: Guid(e3b873ff8cca896478e01643d95b4bba) Importer(2089858483,0ecaa5967403d082aa24f35e1b516d23)
Start importing Assets/AK Pack FREE/AK-74U/AK-74u KOBRA SIGHT.prefab using Guid(e3b873ff8cca896478e01643d95b4bba) Importer(2089858483,0ecaa5967403d082aa24f35e1b516d23)  -> (artifact id: '73f87279df2ae8ef3b6a935ba1187748') in 0.035279 seconds
Number of updated asset objects reloaded before import = 0
Number of asset objects unloaded after import = 22
========================================================================
Received Import Request.
  Time since last request: 0.000026 seconds.
  path: Assets/AK Pack FREE/AK-74U/Textures/74u_parts_M_74U_Mag_AlbedoTransparency.png
  artifactKey: Guid(8ff4e0c3b5e153b41926e8de32872b76) Importer(2089858483,0ecaa5967403d082aa24f35e1b516d23)
Start importing Assets/AK Pack FREE/AK-74U/Textures/74u_parts_M_74U_Mag_AlbedoTransparency.png using Guid(8ff4e0c3b5e153b41926e8de32872b76) Importer(2089858483,0ecaa5967403d082aa24f35e1b516d23)  -> (artifact id: 'fed7ff7c4c0e55f2972bd0b3165be858') in 0.029383 seconds
Number of updated asset objects reloaded before import = 0
Number of asset objects unloaded after import = 1
========================================================================
Received Import Request.
  Time since last request: 0.000092 seconds.
  path: Assets/Toon Muzzleflash Pack/Components/Spritesheets/Front/toon_muzzleflash_front_spritesheet_6.png
  artifactKey: Guid(2984544c952d46f44b178986e1af228e) Importer(2089858483,0ecaa5967403d082aa24f35e1b516d23)
Start importing Assets/Toon Muzzleflash Pack/Components/Spritesheets/Front/toon_muzzleflash_front_spritesheet_6.png using Guid(2984544c952d46f44b178986e1af228e) Importer(2089858483,0ecaa5967403d082aa24f35e1b516d23)  -> (artifact id: '81c25c9485d859fe1c7f9e78a20fa032') in 0.039788 seconds
Number of updated asset objects reloaded before import = 0
Number of asset objects unloaded after import = 9
========================================================================
Received Import Request.
  Time since last request: 0.000015 seconds.
  path: Assets/AK Pack FREE/AK-74U/Textures/74u_parts_M_74U_Sight_Normal.png
  artifactKey: Guid(123f44086589f7340a1399b04f47664b) Importer(2089858483,0ecaa5967403d082aa24f35e1b516d23)
Start importing Assets/AK Pack FREE/AK-74U/Textures/74u_parts_M_74U_Sight_Normal.png using Guid(123f44086589f7340a1399b04f47664b) Importer(2089858483,0ecaa5967403d082aa24f35e1b516d23)  -> (artifact id: '8bc349481eae981e9c8c024532fe7095') in 0.034223 seconds
Number of updated asset objects reloaded before import = 0
Number of asset objects unloaded after import = 1
========================================================================
Received Import Request.
  Time since last request: 0.000031 seconds.
  path: Assets/Toon Muzzleflash Pack/Example Prefabs/Toon Muzzleflash 9.prefab
  artifactKey: Guid(882906b7ca279ee4bb3f9d4bd5073f63) Importer(2089858483,0ecaa5967403d082aa24f35e1b516d23)
Start importing Assets/Toon Muzzleflash Pack/Example Prefabs/Toon Muzzleflash 9.prefab using Guid(882906b7ca279ee4bb3f9d4bd5073f63) Importer(2089858483,0ecaa5967403d082aa24f35e1b516d23)  -> (artifact id: 'd02405d69bc957707b22143a8d52c0db') in 0.028728 seconds
Number of updated asset objects reloaded before import = 0
Number of asset objects unloaded after import = 21
========================================================================
Received Import Request.
  Time since last request: 0.000025 seconds.
  path: Assets/Scenes/220051_Jason_Game.unity
  artifactKey: Guid(9fc0d4010bbf28b4594072e72b8655ab) Importer(2089858483,0ecaa5967403d082aa24f35e1b516d23)
Start importing Assets/Scenes/220051_Jason_Game.unity using Guid(9fc0d4010bbf28b4594072e72b8655ab) Importer(2089858483,0ecaa5967403d082aa24f35e1b516d23)  -> (artifact id: 'd5f018baf8834b26e2b40f012bd6a880') in 0.014710 seconds
Number of updated asset objects reloaded before import = 0
Number of asset objects unloaded after import = 1
========================================================================
Received Import Request.
  Time since last request: 0.000020 seconds.
  path: Assets/Scenes/220051_Jason_Menu.unity
  artifactKey: Guid(e67917287ed3d334bb55c8291851c49d) Importer(2089858483,0ecaa5967403d082aa24f35e1b516d23)
Start importing Assets/Scenes/220051_Jason_Menu.unity using Guid(e67917287ed3d334bb55c8291851c49d) Importer(2089858483,0ecaa5967403d082aa24f35e1b516d23)  -> (artifact id: 'cc6ebed96987a57ffcac5a2dcd246996') in 0.018418 seconds
Number of updated asset objects reloaded before import = 0
Number of asset objects unloaded after import = 1
========================================================================
Received Import Request.
  Time since last request: 0.000041 seconds.
  path: Assets/Toon Muzzleflash Pack/Example Prefabs/Toon Muzzleflash 2.prefab
  artifactKey: Guid(2b80d2843dd54ca46ac16e9f28dcf9d2) Importer(2089858483,0ecaa5967403d082aa24f35e1b516d23)
Start importing Assets/Toon Muzzleflash Pack/Example Prefabs/Toon Muzzleflash 2.prefab using Guid(2b80d2843dd54ca46ac16e9f28dcf9d2) Importer(2089858483,0ecaa5967403d082aa24f35e1b516d23)  -> (artifact id: 'cf45749b58948c09093b427695e1e1a8') in 0.030010 seconds
Number of updated asset objects reloaded before import = 0
Number of asset objects unloaded after import = 21
========================================================================
Received Import Request.
  Time since last request: 0.000027 seconds.
  path: Assets/TextMesh Pro/Documentation/TextMesh Pro User Guide 2016.pdf
  artifactKey: Guid(1b8d251f9af63b746bf2f7ffe00ebb9b) Importer(2089858483,0ecaa5967403d082aa24f35e1b516d23)
Start importing Assets/TextMesh Pro/Documentation/TextMesh Pro User Guide 2016.pdf using Guid(1b8d251f9af63b746bf2f7ffe00ebb9b) Importer(2089858483,0ecaa5967403d082aa24f35e1b516d23)  -> (artifact id: '9104faf4fa4750e9d533f7708f8b0c6f') in 0.012950 seconds
Number of updated asset objects reloaded before import = 0
Number of asset objects unloaded after import = 1
========================================================================
Received Import Request.
  Time since last request: 0.000028 seconds.
  path: Assets/Toon Muzzleflash Pack/Components/Material/Sprites Material.mat
  artifactKey: Guid(69ed690a112ab9f4e8a4cdcdff2c570e) Importer(2089858483,0ecaa5967403d082aa24f35e1b516d23)
Start importing Assets/Toon Muzzleflash Pack/Components/Material/Sprites Material.mat using Guid(69ed690a112ab9f4e8a4cdcdff2c570e) Importer(2089858483,0ecaa5967403d082aa24f35e1b516d23)  -> (artifact id: 'ca55644116b279822ccad1785a6cba03') in 0.018339 seconds
Number of updated asset objects reloaded before import = 0
Number of asset objects unloaded after import = 1
========================================================================
Received Import Request.
  Time since last request: 0.000022 seconds.
  path: Assets/Toon Muzzleflash Pack/Example Prefabs/Toon Muzzleflash 22.prefab
  artifactKey: Guid(7867dee271ad828488f6fbfa576e75e7) Importer(2089858483,0ecaa5967403d082aa24f35e1b516d23)
Start importing Assets/Toon Muzzleflash Pack/Example Prefabs/Toon Muzzleflash 22.prefab using Guid(7867dee271ad828488f6fbfa576e75e7) Importer(2089858483,0ecaa5967403d082aa24f35e1b516d23)  -> (artifact id: '3599bee728957c5cd4d79c32e4f1b9b8') in 0.031160 seconds
Number of updated asset objects reloaded before import = 0
Number of asset objects unloaded after import = 21
========================================================================
Received Import Request.
  Time since last request: 0.000025 seconds.
  path: Assets/Toon Muzzleflash Pack/Example Prefabs/Toon Muzzleflash 17.prefab
  artifactKey: Guid(775b9962321c27e4ba730285152b2e3b) Importer(2089858483,0ecaa5967403d082aa24f35e1b516d23)
Start importing Assets/Toon Muzzleflash Pack/Example Prefabs/Toon Muzzleflash 17.prefab using Guid(775b9962321c27e4ba730285152b2e3b) Importer(2089858483,0ecaa5967403d082aa24f35e1b516d23)  -> (artifact id: '90d3d086e4ee4b1bf66de892afa4d8f8') in 0.027792 seconds
Number of updated asset objects reloaded before import = 0
Number of asset objects unloaded after import = 21
========================================================================
Received Import Request.
  Time since last request: 0.000035 seconds.
  path: Assets/AK Pack FREE/AK-74U/Textures/74u_parts_M_74U_Sight_AlbedoTransparency.png
  artifactKey: Guid(00111a57f857eba40ac1da3c6b96ae2b) Importer(2089858483,0ecaa5967403d082aa24f35e1b516d23)
Start importing Assets/AK Pack FREE/AK-74U/Textures/74u_parts_M_74U_Sight_AlbedoTransparency.png using Guid(00111a57f857eba40ac1da3c6b96ae2b) Importer(2089858483,0ecaa5967403d082aa24f35e1b516d23)  -> (artifact id: '535a0d12d62bbf7f5d8ca95e5d321fc9') in 0.026186 seconds
Number of updated asset objects reloaded before import = 0
Number of asset objects unloaded after import = 1
========================================================================
Received Import Request.
  Time since last request: 0.000030 seconds.
  path: Assets/Toon Muzzleflash Pack/Components/Spritesheets/Front/toon_muzzleflash_front_spritesheet_2.png
  artifactKey: Guid(ec991a388184d214d8c9bef68873b65a) Importer(2089858483,0ecaa5967403d082aa24f35e1b516d23)
Start importing Assets/Toon Muzzleflash Pack/Components/Spritesheets/Front/toon_muzzleflash_front_spritesheet_2.png using Guid(ec991a388184d214d8c9bef68873b65a) Importer(2089858483,0ecaa5967403d082aa24f35e1b516d23)  -> (artifact id: '51dcce541b4b2c7bd25b081c8d6a4f93') in 0.037151 seconds
Number of updated asset objects reloaded before import = 0
Number of asset objects unloaded after import = 11
========================================================================
Received Import Request.
  Time since last request: 0.000020 seconds.
  path: Assets/AK Pack FREE/AK-74U/AK-74u ASSAULT MOD.prefab
  artifactKey: Guid(a2185de06c434b84e8a36835c77d3ca4) Importer(2089858483,0ecaa5967403d082aa24f35e1b516d23)
Start importing Assets/AK Pack FREE/AK-74U/AK-74u ASSAULT MOD.prefab using Guid(a2185de06c434b84e8a36835c77d3ca4) Importer(2089858483,0ecaa5967403d082aa24f35e1b516d23)  -> (artifact id: '901c34a11e2bee5db0dd5540f4e96389') in 0.032289 seconds
Number of updated asset objects reloaded before import = 0
Number of asset objects unloaded after import = 27
========================================================================
Received Import Request.
  Time since last request: 0.000018 seconds.
  path: Assets/AK Pack FREE/AK-74U/Textures/74u_parts_M_74U_Sight_MetallicSmoothness.png
  artifactKey: Guid(b31608222ffd50742878880b759d4470) Importer(2089858483,0ecaa5967403d082aa24f35e1b516d23)
Start importing Assets/AK Pack FREE/AK-74U/Textures/74u_parts_M_74U_Sight_MetallicSmoothness.png using Guid(b31608222ffd50742878880b759d4470) Importer(2089858483,0ecaa5967403d082aa24f35e1b516d23)  -> (artifact id: '74c70a131733d25b373c705278b024f7') in 0.027076 seconds
Number of updated asset objects reloaded before import = 0
Number of asset objects unloaded after import = 1
========================================================================
Received Import Request.
  Time since last request: 0.000062 seconds.
  path: Assets/TextMesh Pro/Shaders/TMP_Sprite.shader
  artifactKey: Guid(cf81c85f95fe47e1a27f6ae460cf182c) Importer(2089858483,0ecaa5967403d082aa24f35e1b516d23)
Start importing Assets/TextMesh Pro/Shaders/TMP_Sprite.shader using Guid(cf81c85f95fe47e1a27f6ae460cf182c) Importer(2089858483,0ecaa5967403d082aa24f35e1b516d23)  -> (artifact id: '710d29bfe584aa5343cacd9f9f6a1c7c') in 0.020525 seconds
Number of updated asset objects reloaded before import = 0
Number of asset objects unloaded after import = 1
========================================================================
Received Import Request.
  Time since last request: 0.000020 seconds.
  path: Assets/AK Pack FREE/AK-74U/Textures/74u_parts_M_74U_Trigger_Normal.png
  artifactKey: Guid(e32e2b8376fd7964ebee3ae82afa6801) Importer(2089858483,0ecaa5967403d082aa24f35e1b516d23)
Start importing Assets/AK Pack FREE/AK-74U/Textures/74u_parts_M_74U_Trigger_Normal.png using Guid(e32e2b8376fd7964ebee3ae82afa6801) Importer(2089858483,0ecaa5967403d082aa24f35e1b516d23)  -> (artifact id: 'bdbb738b40b6a6092aa41c90df189659') in 0.024188 seconds
Number of updated asset objects reloaded before import = 0
Number of asset objects unloaded after import = 1
========================================================================
Received Import Request.
  Time since last request: 0.000015 seconds.
  path: Assets/TextMesh Pro/Sprites/EmojiOne Attribution.txt
  artifactKey: Guid(381dcb09d5029d14897e55f98031fca5) Importer(2089858483,0ecaa5967403d082aa24f35e1b516d23)
Start importing Assets/TextMesh Pro/Sprites/EmojiOne Attribution.txt using Guid(381dcb09d5029d14897e55f98031fca5) Importer(2089858483,0ecaa5967403d082aa24f35e1b516d23)  -> (artifact id: '28b4182a147cecb91fbe9d699eed2928') in 0.018832 seconds
Number of updated asset objects reloaded before import = 0
Number of asset objects unloaded after import = 1
========================================================================
Received Import Request.
  Time since last request: 0.000041 seconds.
  path: Assets/Toon Muzzleflash Pack/Example Prefabs/Toon Muzzleflash 25.prefab
  artifactKey: Guid(b52aefc4516176f4c9080989152f9db6) Importer(2089858483,0ecaa5967403d082aa24f35e1b516d23)
Start importing Assets/Toon Muzzleflash Pack/Example Prefabs/Toon Muzzleflash 25.prefab using Guid(b52aefc4516176f4c9080989152f9db6) Importer(2089858483,0ecaa5967403d082aa24f35e1b516d23)  -> (artifact id: '42bafe7c521d68db3a23f20c4ccde248') in 0.029945 seconds
Number of updated asset objects reloaded before import = 0
Number of asset objects unloaded after import = 21
========================================================================
Received Import Request.
  Time since last request: 0.000017 seconds.
  path: Assets/TextMesh Pro/Shaders/TMP_SDF-Mobile Masking.shader
  artifactKey: Guid(bc1ede39bf3643ee8e493720e4259791) Importer(2089858483,0ecaa5967403d082aa24f35e1b516d23)
Start importing Assets/TextMesh Pro/Shaders/TMP_SDF-Mobile Masking.shader using Guid(bc1ede39bf3643ee8e493720e4259791) Importer(2089858483,0ecaa5967403d082aa24f35e1b516d23)  -> (artifact id: '1792e9c2c30c275efefabfd2f38415d9') in 0.020179 seconds
Number of updated asset objects reloaded before import = 0
Number of asset objects unloaded after import = 1
========================================================================
Received Import Request.
  Time since last request: 0.000079 seconds.
  path: Assets/TextMesh Pro/Resources/Fonts & Materials/LiberationSans SDF - Outline.mat
  artifactKey: Guid(79459efec17a4d00a321bdcc27bbc385) Importer(2089858483,0ecaa5967403d082aa24f35e1b516d23)
Start importing Assets/TextMesh Pro/Resources/Fonts & Materials/LiberationSans SDF - Outline.mat using Guid(79459efec17a4d00a321bdcc27bbc385) Importer(2089858483,0ecaa5967403d082aa24f35e1b516d23)  -> (artifact id: 'd9bf28276f2997f258ba86bbfe8e711c') in 0.028326 seconds
Number of updated asset objects reloaded before import = 0
Number of asset objects unloaded after import = 2
========================================================================
Received Import Request.
  Time since last request: 0.000021 seconds.
  path: Assets/Toon Muzzleflash Pack/Example Prefabs/Toon Muzzleflash 15.prefab
  artifactKey: Guid(7b142295c8a5d8a4486a67f84893ed08) Importer(2089858483,0ecaa5967403d082aa24f35e1b516d23)
Start importing Assets/Toon Muzzleflash Pack/Example Prefabs/Toon Muzzleflash 15.prefab using Guid(7b142295c8a5d8a4486a67f84893ed08) Importer(2089858483,0ecaa5967403d082aa24f35e1b516d23)  -> (artifact id: '68d9a6fd7c75af7f54bdaa95535cbf98') in 0.022271 seconds
Number of updated asset objects reloaded before import = 0
Number of asset objects unloaded after import = 21
========================================================================
Received Import Request.
  Time since last request: 0.000017 seconds.
  path: Assets/TextMesh Pro/Shaders/TMPro_Surface.cginc
  artifactKey: Guid(d930090c0cd643c7b55f19a38538c162) Importer(2089858483,0ecaa5967403d082aa24f35e1b516d23)
Start importing Assets/TextMesh Pro/Shaders/TMPro_Surface.cginc using Guid(d930090c0cd643c7b55f19a38538c162) Importer(2089858483,0ecaa5967403d082aa24f35e1b516d23)  -> (artifact id: 'ccb747f80d176e058e69856ed860b30e') in 0.018178 seconds
Number of updated asset objects reloaded before import = 0
Number of asset objects unloaded after import = 1
========================================================================
Received Import Request.
  Time since last request: 0.000016 seconds.
  path: Assets/TextMesh Pro/Fonts/LiberationSans.ttf
  artifactKey: Guid(e3265ab4bf004d28a9537516768c1c75) Importer(2089858483,0ecaa5967403d082aa24f35e1b516d23)
Start importing Assets/TextMesh Pro/Fonts/LiberationSans.ttf using Guid(e3265ab4bf004d28a9537516768c1c75) Importer(2089858483,0ecaa5967403d082aa24f35e1b516d23)  -> (artifact id: 'b113a543553a9b6905df06d914ffaa0e') in 0.022392 seconds
Number of updated asset objects reloaded before import = 0
Number of asset objects unloaded after import = 3
========================================================================
Received Import Request.
  Time since last request: 0.000017 seconds.
  path: Assets/TextMesh Pro/Shaders/TMP_Bitmap.shader
  artifactKey: Guid(128e987d567d4e2c824d754223b3f3b0) Importer(2089858483,0ecaa5967403d082aa24f35e1b516d23)
Start importing Assets/TextMesh Pro/Shaders/TMP_Bitmap.shader using Guid(128e987d567d4e2c824d754223b3f3b0) Importer(2089858483,0ecaa5967403d082aa24f35e1b516d23)  -> (artifact id: '4a2102e6a0c5fa79cec2efa3a2a89661') in 0.013916 seconds
Number of updated asset objects reloaded before import = 0
Number of asset objects unloaded after import = 1
========================================================================
Received Import Request.
  Time since last request: 0.000086 seconds.
  path: Assets/Toon Muzzleflash Pack/Components/Spritesheets/Side/toon_muzzleflash_side_spritesheet_5.png
  artifactKey: Guid(1a13e3417d90c514992155f8e2352e12) Importer(2089858483,0ecaa5967403d082aa24f35e1b516d23)
Start importing Assets/Toon Muzzleflash Pack/Components/Spritesheets/Side/toon_muzzleflash_side_spritesheet_5.png using Guid(1a13e3417d90c514992155f8e2352e12) Importer(2089858483,0ecaa5967403d082aa24f35e1b516d23)  -> (artifact id: '65e211eb2fdad1dce0c13c25e1e0d67e') in 0.039924 seconds
Number of updated asset objects reloaded before import = 0
Number of asset objects unloaded after import = 11
========================================================================
Received Import Request.
  Time since last request: 0.000022 seconds.
  path: Assets/Scripts/PlayerBehaviour.cs
  artifactKey: Guid(7b238857216d17342a154bcb7d8c83b9) Importer(2089858483,0ecaa5967403d082aa24f35e1b516d23)
Start importing Assets/Scripts/PlayerBehaviour.cs using Guid(7b238857216d17342a154bcb7d8c83b9) Importer(2089858483,0ecaa5967403d082aa24f35e1b516d23)  -> (artifact id: 'd345315f7508148295df1d163b830442') in 0.014554 seconds
Number of updated asset objects reloaded before import = 0
Number of asset objects unloaded after import = 1
========================================================================
Received Import Request.
  Time since last request: 0.000062 seconds.
  path: Assets/AK Pack FREE/AK-74U/Textures/74u_M_74U_MetallicSmoothness.png
  artifactKey: Guid(c2f78f1ba09f9dc4f8406bdd1ccb43b7) Importer(2089858483,0ecaa5967403d082aa24f35e1b516d23)
Start importing Assets/AK Pack FREE/AK-74U/Textures/74u_M_74U_MetallicSmoothness.png using Guid(c2f78f1ba09f9dc4f8406bdd1ccb43b7) Importer(2089858483,0ecaa5967403d082aa24f35e1b516d23)  -> (artifact id: '8d8927e9000ee5d67b9028a7a0acb36e') in 0.027070 seconds
Number of updated asset objects reloaded before import = 0
Number of asset objects unloaded after import = 1
========================================================================
Received Import Request.
  Time since last request: 0.000015 seconds.
  path: Assets/TextMesh Pro/Shaders/TMP_SDF Overlay.shader
  artifactKey: Guid(dd89cf5b9246416f84610a006f916af7) Importer(2089858483,0ecaa5967403d082aa24f35e1b516d23)
Start importing Assets/TextMesh Pro/Shaders/TMP_SDF Overlay.shader using Guid(dd89cf5b9246416f84610a006f916af7) Importer(2089858483,0ecaa5967403d082aa24f35e1b516d23)  -> (artifact id: 'e48e98d4f572fce529f0e0f6ee180979') in 0.019403 seconds
Number of updated asset objects reloaded before import = 0
Number of asset objects unloaded after import = 1
========================================================================
Received Import Request.
  Time since last request: 0.000020 seconds.
  path: Assets/Toon Muzzleflash Pack/Example Prefabs/Toon Muzzleflash 5.prefab
  artifactKey: Guid(62d07207e73637c428642d14ef91b778) Importer(2089858483,0ecaa5967403d082aa24f35e1b516d23)
Start importing Assets/Toon Muzzleflash Pack/Example Prefabs/Toon Muzzleflash 5.prefab using Guid(62d07207e73637c428642d14ef91b778) Importer(2089858483,0ecaa5967403d082aa24f35e1b516d23)  -> (artifact id: 'b780e7010f01a66abc888c3b1d0d3b6d') in 0.025806 seconds
Number of updated asset objects reloaded before import = 0
Number of asset objects unloaded after import = 21
========================================================================
Received Import Request.
  Time since last request: 0.000034 seconds.
  path: Assets/AK Pack FREE/AK-74U/Textures/74u_parts_M_74U_Silencer_MetallicSmoothness.png
  artifactKey: Guid(555d44d76634b68499cbfaeaed9fd002) Importer(2089858483,0ecaa5967403d082aa24f35e1b516d23)
Start importing Assets/AK Pack FREE/AK-74U/Textures/74u_parts_M_74U_Silencer_MetallicSmoothness.png using Guid(555d44d76634b68499cbfaeaed9fd002) Importer(2089858483,0ecaa5967403d082aa24f35e1b516d23)  -> (artifact id: 'b7b0dba96339cbbc3e6d25e25fe7f781') in 0.028399 seconds
Number of updated asset objects reloaded before import = 0
Number of asset objects unloaded after import = 1
========================================================================
Received Import Request.
  Time since last request: 0.000072 seconds.
  path: Assets/TextMesh Pro/Shaders/TMP_SDF-Mobile.shader
  artifactKey: Guid(fe393ace9b354375a9cb14cdbbc28be4) Importer(2089858483,0ecaa5967403d082aa24f35e1b516d23)
Start importing Assets/TextMesh Pro/Shaders/TMP_SDF-Mobile.shader using Guid(fe393ace9b354375a9cb14cdbbc28be4) Importer(2089858483,0ecaa5967403d082aa24f35e1b516d23)  -> (artifact id: 'd63947389845da78d9021b4936d4dc39') in 0.017701 seconds
Number of updated asset objects reloaded before import = 0
Number of asset objects unloaded after import = 1
========================================================================
Received Import Request.
  Time since last request: 0.000036 seconds.
  path: Assets/Toon Muzzleflash Pack/Components/Spritesheets/Front/toon_muzzleflash_front_spritesheet_1.png
  artifactKey: Guid(6d04126786e078144aa61bf1fdd5d6e3) Importer(2089858483,0ecaa5967403d082aa24f35e1b516d23)
Start importing Assets/Toon Muzzleflash Pack/Components/Spritesheets/Front/toon_muzzleflash_front_spritesheet_1.png using Guid(6d04126786e078144aa61bf1fdd5d6e3) Importer(2089858483,0ecaa5967403d082aa24f35e1b516d23)  -> (artifact id: '51e90cca336c77a987aec347dd2e055a') in 0.039466 seconds
Number of updated asset objects reloaded before import = 0
Number of asset objects unloaded after import = 11
========================================================================
Received Import Request.
  Time since last request: 0.000016 seconds.
  path: Assets/Toon Muzzleflash Pack/Example Prefabs/Toon Muzzleflash 23.prefab
  artifactKey: Guid(2a6737be3bff6b9488d9fee716390668) Importer(2089858483,0ecaa5967403d082aa24f35e1b516d23)
Start importing Assets/Toon Muzzleflash Pack/Example Prefabs/Toon Muzzleflash 23.prefab using Guid(2a6737be3bff6b9488d9fee716390668) Importer(2089858483,0ecaa5967403d082aa24f35e1b516d23)  -> (artifact id: 'febb443a12e0988464bec546e4e6ae3a') in 0.028173 seconds
Number of updated asset objects reloaded before import = 0
Number of asset objects unloaded after import = 21
========================================================================
Received Import Request.
  Time since last request: 0.000021 seconds.
  path: Assets/TextMesh Pro/Shaders/TMP_SDF-Mobile SSD.shader
  artifactKey: Guid(c8d12adcee749c344b8117cf7c7eb912) Importer(2089858483,0ecaa5967403d082aa24f35e1b516d23)
Start importing Assets/TextMesh Pro/Shaders/TMP_SDF-Mobile SSD.shader using Guid(c8d12adcee749c344b8117cf7c7eb912) Importer(2089858483,0ecaa5967403d082aa24f35e1b516d23)  -> (artifact id: '6c13deae2989a349642df1fc4970c4fd') in 0.019068 seconds
Number of updated asset objects reloaded before import = 0
Number of asset objects unloaded after import = 1
========================================================================
Received Import Request.
  Time since last request: 0.000021 seconds.
  path: Assets/TextMesh Pro/Resources/TMP Settings.asset
  artifactKey: Guid(3f5b5dff67a942289a9defa416b206f3) Importer(2089858483,0ecaa5967403d082aa24f35e1b516d23)
Start importing Assets/TextMesh Pro/Resources/TMP Settings.asset using Guid(3f5b5dff67a942289a9defa416b206f3) Importer(2089858483,0ecaa5967403d082aa24f35e1b516d23)  -> (artifact id: 'e7faf3b283948376d9522cccf01bf08b') in 0.083133 seconds
Number of updated asset objects reloaded before import = 0
Number of asset objects unloaded after import = 15
========================================================================
Received Import Request.
  Time since last request: 0.000026 seconds.
  path: Assets/Toon Muzzleflash Pack/Example Prefabs/Toon Muzzleflash 4.prefab
  artifactKey: Guid(510e0a736e5e66243b242a076c59611a) Importer(2089858483,0ecaa5967403d082aa24f35e1b516d23)
Start importing Assets/Toon Muzzleflash Pack/Example Prefabs/Toon Muzzleflash 4.prefab using Guid(510e0a736e5e66243b242a076c59611a) Importer(2089858483,0ecaa5967403d082aa24f35e1b516d23)  -> (artifact id: 'd8eed2962b0496cc86077399ed9bca61') in 0.028117 seconds
Number of updated asset objects reloaded before import = 0
Number of asset objects unloaded after import = 21
========================================================================
Received Import Request.
  Time since last request: 0.000030 seconds.
  path: Assets/Materials/Target.mat
  artifactKey: Guid(74ebdbff07196f745831654c9ec797e1) Importer(2089858483,0ecaa5967403d082aa24f35e1b516d23)
Start importing Assets/Materials/Target.mat using Guid(74ebdbff07196f745831654c9ec797e1) Importer(2089858483,0ecaa5967403d082aa24f35e1b516d23)  -> (artifact id: 'b37c2d32268bc5af67da6b69e76ecfbd') in 0.020058 seconds
Number of updated asset objects reloaded before import = 0
Number of asset objects unloaded after import = 2
========================================================================
Received Import Request.
  Time since last request: 0.000022 seconds.
  path: Assets/TextMesh Pro/Resources/LineBreaking Following Characters.txt
  artifactKey: Guid(fade42e8bc714b018fac513c043d323b) Importer(2089858483,0ecaa5967403d082aa24f35e1b516d23)
Start importing Assets/TextMesh Pro/Resources/LineBreaking Following Characters.txt using Guid(fade42e8bc714b018fac513c043d323b) Importer(2089858483,0ecaa5967403d082aa24f35e1b516d23)  -> (artifact id: '17f45cad13ef163400425239ace57112') in 0.014484 seconds
Number of updated asset objects reloaded before import = 0
Number of asset objects unloaded after import = 1
========================================================================
Received Import Request.
  Time since last request: 0.000022 seconds.
  path: Assets/Toon Muzzleflash Pack/Example Prefabs/Toon Muzzleflash 13.prefab
  artifactKey: Guid(2580b1fe15543884aaf8621b6080330a) Importer(2089858483,0ecaa5967403d082aa24f35e1b516d23)
Start importing Assets/Toon Muzzleflash Pack/Example Prefabs/Toon Muzzleflash 13.prefab using Guid(2580b1fe15543884aaf8621b6080330a) Importer(2089858483,0ecaa5967403d082aa24f35e1b516d23)  -> (artifact id: 'bfa6622b99a1d5bd2c84f96e98ca4f05') in 0.029278 seconds
Number of updated asset objects reloaded before import = 0
Number of asset objects unloaded after import = 21
========================================================================
Received Import Request.
  Time since last request: 0.000030 seconds.
  path: Assets/AK Pack FREE/AK-74U/AK-74u.prefab
  artifactKey: Guid(a6d0754d440e3664fb2b639b2a7d08ca) Importer(2089858483,0ecaa5967403d082aa24f35e1b516d23)
Start importing Assets/AK Pack FREE/AK-74U/AK-74u.prefab using Guid(a6d0754d440e3664fb2b639b2a7d08ca) Importer(2089858483,0ecaa5967403d082aa24f35e1b516d23)  -> (artifact id: '101a977f7a6c0ff49a964e5e929a0d4d') in 0.031704 seconds
Number of updated asset objects reloaded before import = 0
Number of asset objects unloaded after import = 17
========================================================================
Received Import Request.
  Time since last request: 0.000018 seconds.
  path: Assets/TextMesh Pro/Shaders/TMP_SDF SSD.shader
  artifactKey: Guid(14eb328de4b8eb245bb7cea29e4ac00b) Importer(2089858483,0ecaa5967403d082aa24f35e1b516d23)
Start importing Assets/TextMesh Pro/Shaders/TMP_SDF SSD.shader using Guid(14eb328de4b8eb245bb7cea29e4ac00b) Importer(2089858483,0ecaa5967403d082aa24f35e1b516d23)  -> (artifact id: '9d1a21b99e5b95667d56aa08565997c1') in 0.021299 seconds
Number of updated asset objects reloaded before import = 0
Number of asset objects unloaded after import = 1
========================================================================
Received Import Request.
  Time since last request: 0.000020 seconds.
  path: Assets/Materials/quit.png
  artifactKey: Guid(14433bfe7774dfe4cbfe77a8e4dced4e) Importer(2089858483,0ecaa5967403d082aa24f35e1b516d23)
Start importing Assets/Materials/quit.png using Guid(14433bfe7774dfe4cbfe77a8e4dced4e) Importer(2089858483,0ecaa5967403d082aa24f35e1b516d23)  -> (artifact id: 'd58c5ad4b162827fd01fbccf56968323') in 0.022772 seconds
Number of updated asset objects reloaded before import = 0
Number of asset objects unloaded after import = 3
========================================================================
Received Import Request.
  Time since last request: 0.000016 seconds.
  path: Assets/AK Pack FREE/AK-74U/Materials/M_74U_Mag.mat
  artifactKey: Guid(3d1a4239fd57bda4289892d44ae10f33) Importer(2089858483,0ecaa5967403d082aa24f35e1b516d23)
Start importing Assets/AK Pack FREE/AK-74U/Materials/M_74U_Mag.mat using Guid(3d1a4239fd57bda4289892d44ae10f33) Importer(2089858483,0ecaa5967403d082aa24f35e1b516d23)  -> (artifact id: 'b5007d390ff529ef1c6c36f45a8d6bc0') in 0.025640 seconds
Number of updated asset objects reloaded before import = 0
Number of asset objects unloaded after import = 4
========================================================================
Received Import Request.
  Time since last request: 0.000017 seconds.
  path: Assets/AK Pack FREE/AK-74U/Textures/74u_mag2_M_74U_Mag2_MetallicSmoothness.png
  artifactKey: Guid(b90c25e5e6004ea4b90697fdc11885f3) Importer(2089858483,0ecaa5967403d082aa24f35e1b516d23)
Start importing Assets/AK Pack FREE/AK-74U/Textures/74u_mag2_M_74U_Mag2_MetallicSmoothness.png using Guid(b90c25e5e6004ea4b90697fdc11885f3) Importer(2089858483,0ecaa5967403d082aa24f35e1b516d23)  -> (artifact id: 'cabf5a7912a7670967351bdcfac99a12') in 0.028526 seconds
Number of updated asset objects reloaded before import = 0
Number of asset objects unloaded after import = 1
========================================================================
Received Import Request.
  Time since last request: 0.000018 seconds.
  path: Assets/AK Pack FREE/AK-74U/Materials/M_74U.mat
  artifactKey: Guid(cb8685efdd6bcea48ace7481df0f1c41) Importer(2089858483,0ecaa5967403d082aa24f35e1b516d23)
Start importing Assets/AK Pack FREE/AK-74U/Materials/M_74U.mat using Guid(cb8685efdd6bcea48ace7481df0f1c41) Importer(2089858483,0ecaa5967403d082aa24f35e1b516d23)  -> (artifact id: '97c3aa0dcc89b2e91e9247888f68c585') in 0.028427 seconds
Number of updated asset objects reloaded before import = 0
Number of asset objects unloaded after import = 4
========================================================================
Received Import Request.
  Time since last request: 0.000025 seconds.
  path: Assets/TextMesh Pro/Resources/Fonts & Materials/LiberationSans SDF - Fallback.asset
  artifactKey: Guid(2e498d1c8094910479dc3e1b768306a4) Importer(2089858483,0ecaa5967403d082aa24f35e1b516d23)
Start importing Assets/TextMesh Pro/Resources/Fonts & Materials/LiberationSans SDF - Fallback.asset using Guid(2e498d1c8094910479dc3e1b768306a4) Importer(2089858483,0ecaa5967403d082aa24f35e1b516d23)  -> (artifact id: 'e4ff1734b81ca12cd1cf9da7d3d9a145') in 0.032492 seconds
Number of updated asset objects reloaded before import = 0
Number of asset objects unloaded after import = 5
========================================================================
Received Import Request.
  Time since last request: 0.000015 seconds.
  path: Assets/TextMesh Pro/Resources/Style Sheets/Default Style Sheet.asset
  artifactKey: Guid(f952c082cb03451daed3ee968ac6c63e) Importer(2089858483,0ecaa5967403d082aa24f35e1b516d23)
Start importing Assets/TextMesh Pro/Resources/Style Sheets/Default Style Sheet.asset using Guid(f952c082cb03451daed3ee968ac6c63e) Importer(2089858483,0ecaa5967403d082aa24f35e1b516d23)  -> (artifact id: 'e7fd224e361aa81cd3eaa6fe86de109c') in 0.022581 seconds
Number of updated asset objects reloaded before import = 0
Number of asset objects unloaded after import = 1
========================================================================
Received Import Request.
  Time since last request: 0.000016 seconds.
  path: Assets/TextMesh Pro/Resources/Fonts & Materials/LiberationSans SDF.asset
  artifactKey: Guid(8f586378b4e144a9851e7b34d9b748ee) Importer(2089858483,0ecaa5967403d082aa24f35e1b516d23)
Start importing Assets/TextMesh Pro/Resources/Fonts & Materials/LiberationSans SDF.asset using Guid(8f586378b4e144a9851e7b34d9b748ee) Importer(2089858483,0ecaa5967403d082aa24f35e1b516d23)  -> (artifact id: 'e0aee88b07b4934de895d28bfa4b5c67') in 0.043234 seconds
Number of updated asset objects reloaded before import = 0
Number of asset objects unloaded after import = 8
========================================================================
Received Import Request.
  Time since last request: 0.000023 seconds.
  path: Assets/Scripts/GunBehaviour.cs
  artifactKey: Guid(b2b730d8cf4033d46990639645b3f77d) Importer(2089858483,0ecaa5967403d082aa24f35e1b516d23)
Start importing Assets/Scripts/GunBehaviour.cs using Guid(b2b730d8cf4033d46990639645b3f77d) Importer(2089858483,0ecaa5967403d082aa24f35e1b516d23)  -> (artifact id: 'ad3ccb6cb468c8e947ce4516db112772') in 0.017025 seconds
Number of updated asset objects reloaded before import = 0
Number of asset objects unloaded after import = 1
========================================================================
Received Import Request.
  Time since last request: 0.000029 seconds.
  path: Assets/Toon Muzzleflash Pack/Components/Spritesheets/Front/toon_muzzleflash_front_spritesheet_4.png
  artifactKey: Guid(20044d9c0b524da4fb25429c4cf35256) Importer(2089858483,0ecaa5967403d082aa24f35e1b516d23)
Start importing Assets/Toon Muzzleflash Pack/Components/Spritesheets/Front/toon_muzzleflash_front_spritesheet_4.png using Guid(20044d9c0b524da4fb25429c4cf35256) Importer(2089858483,0ecaa5967403d082aa24f35e1b516d23)  -> (artifact id: '7fc14ab99a6cd63bc6717adf56b5633c') in 0.037171 seconds
Number of updated asset objects reloaded before import = 0
Number of asset objects unloaded after import = 11
========================================================================
Received Import Request.
  Time since last request: 0.000015 seconds.
  path: Assets/Toon Muzzleflash Pack/Example Prefabs/Toon Muzzleflash 1.prefab
  artifactKey: Guid(302577c4c425ce14781bc5dd214f5576) Importer(2089858483,0ecaa5967403d082aa24f35e1b516d23)
Start importing Assets/Toon Muzzleflash Pack/Example Prefabs/Toon Muzzleflash 1.prefab using Guid(302577c4c425ce14781bc5dd214f5576) Importer(2089858483,0ecaa5967403d082aa24f35e1b516d23)  -> (artifact id: 'efc2401083b9fc0be853ab796a85beb3') in 0.022630 seconds
Number of updated asset objects reloaded before import = 0
Number of asset objects unloaded after import = 21
========================================================================
Received Import Request.
  Time since last request: 0.000017 seconds.
  path: Assets/AK Pack FREE/AK-74U/Materials/M_74U_Sight.mat
  artifactKey: Guid(57e08d3f053689a48b295793bdff7098) Importer(2089858483,0ecaa5967403d082aa24f35e1b516d23)
Start importing Assets/AK Pack FREE/AK-74U/Materials/M_74U_Sight.mat using Guid(57e08d3f053689a48b295793bdff7098) Importer(2089858483,0ecaa5967403d082aa24f35e1b516d23)  -> (artifact id: '4fa9a46f62a701655ce01f3e4eeb3928') in 0.023486 seconds
Number of updated asset objects reloaded before import = 0
Number of asset objects unloaded after import = 4
========================================================================
Received Import Request.
  Time since last request: 0.000018 seconds.
  path: Assets/Toon Muzzleflash Pack/Example Prefabs/Toon Muzzleflash 20.prefab
  artifactKey: Guid(7b4c09739930d43458b94e59aa06933a) Importer(2089858483,0ecaa5967403d082aa24f35e1b516d23)
Start importing Assets/Toon Muzzleflash Pack/Example Prefabs/Toon Muzzleflash 20.prefab using Guid(7b4c09739930d43458b94e59aa06933a) Importer(2089858483,0ecaa5967403d082aa24f35e1b516d23)  -> (artifact id: 'ed3259ead7242324f5170508f06cbc94') in 0.021206 seconds
Number of updated asset objects reloaded before import = 0
Number of asset objects unloaded after import = 21
========================================================================
Received Import Request.
  Time since last request: 0.000032 seconds.
  path: Assets/TextMesh Pro/Shaders/TMP_Bitmap-Mobile.shader
  artifactKey: Guid(1e3b057af24249748ff873be7fafee47) Importer(2089858483,0ecaa5967403d082aa24f35e1b516d23)
Start importing Assets/TextMesh Pro/Shaders/TMP_Bitmap-Mobile.shader using Guid(1e3b057af24249748ff873be7fafee47) Importer(2089858483,0ecaa5967403d082aa24f35e1b516d23)  -> (artifact id: '3c7511ea3808be3f5348f162aa3a063c') in 0.016574 seconds
Number of updated asset objects reloaded before import = 0
Number of asset objects unloaded after import = 1
========================================================================
Received Import Request.
  Time since last request: 0.000026 seconds.
  path: Assets/TextMesh Pro/Resources/Sprite Assets/EmojiOne.asset
  artifactKey: Guid(c41005c129ba4d66911b75229fd70b45) Importer(2089858483,0ecaa5967403d082aa24f35e1b516d23)
Start importing Assets/TextMesh Pro/Resources/Sprite Assets/EmojiOne.asset using Guid(c41005c129ba4d66911b75229fd70b45) Importer(2089858483,0ecaa5967403d082aa24f35e1b516d23)  -> (artifact id: '8f4e89304abf99dbaa2a7a7c9ed949d0') in 0.020189 seconds
Number of updated asset objects reloaded before import = 0
Number of asset objects unloaded after import = 3
========================================================================
Received Import Request.
  Time since last request: 0.000015 seconds.
  path: Assets/Toon Muzzleflash Pack/Components/Spritesheets/Side/toon_muzzleflash_side_spritesheet_1.png
  artifactKey: Guid(e91c78da749a5d44db424d8dbc3d09d2) Importer(2089858483,0ecaa5967403d082aa24f35e1b516d23)
Start importing Assets/Toon Muzzleflash Pack/Components/Spritesheets/Side/toon_muzzleflash_side_spritesheet_1.png using Guid(e91c78da749a5d44db424d8dbc3d09d2) Importer(2089858483,0ecaa5967403d082aa24f35e1b516d23)  -> (artifact id: 'e9f74262e98e26daec2a414773093b0c') in 0.035289 seconds
Number of updated asset objects reloaded before import = 0
Number of asset objects unloaded after import = 11
========================================================================
Received Import Request.
  Time since last request: 0.000016 seconds.
  path: Assets/Toon Muzzleflash Pack/Components/Spritesheets/Side/toon_muzzleflash_side_spritesheet_6.png
  artifactKey: Guid(fd573a71ddad4d14d81ff16547ad5b9a) Importer(2089858483,0ecaa5967403d082aa24f35e1b516d23)
Start importing Assets/Toon Muzzleflash Pack/Components/Spritesheets/Side/toon_muzzleflash_side_spritesheet_6.png using Guid(fd573a71ddad4d14d81ff16547ad5b9a) Importer(2089858483,0ecaa5967403d082aa24f35e1b516d23)  -> (artifact id: 'cadd44d568f9a3959316a4808b2e1fd0') in 0.029845 seconds
Number of updated asset objects reloaded before import = 0
Number of asset objects unloaded after import = 7
========================================================================
Received Import Request.
  Time since last request: 0.000016 seconds.
  path: Assets/Toon Muzzleflash Pack/Components/Spritesheets/Side/toon_muzzleflash_side_spritesheet_3.png
  artifactKey: Guid(885a872883f689b4b92caa4416e8fbd9) Importer(2089858483,0ecaa5967403d082aa24f35e1b516d23)
Start importing Assets/Toon Muzzleflash Pack/Components/Spritesheets/Side/toon_muzzleflash_side_spritesheet_3.png using Guid(885a872883f689b4b92caa4416e8fbd9) Importer(2089858483,0ecaa5967403d082aa24f35e1b516d23)  -> (artifact id: '0e628a5e2b3939e4f589e05e84de2bf7') in 0.035749 seconds
Number of updated asset objects reloaded before import = 0
Number of asset objects unloaded after import = 11
========================================================================
Received Import Request.
  Time since last request: 0.000015 seconds.
  path: Assets/Toon Muzzleflash Pack/Example Prefabs/Toon Muzzleflash 19.prefab
  artifactKey: Guid(5e4b26c055ae2554cbd792be1c7fa901) Importer(2089858483,0ecaa5967403d082aa24f35e1b516d23)
Start importing Assets/Toon Muzzleflash Pack/Example Prefabs/Toon Muzzleflash 19.prefab using Guid(5e4b26c055ae2554cbd792be1c7fa901) Importer(2089858483,0ecaa5967403d082aa24f35e1b516d23)  -> (artifact id: '03f55857d7764b1d776fa67300e2edb9') in 0.026643 seconds
Number of updated asset objects reloaded before import = 0
Number of asset objects unloaded after import = 21
========================================================================
Received Import Request.
  Time since last request: 0.000018 seconds.
  path: Assets/Toon Muzzleflash Pack/Example Prefabs/Toon Muzzleflash 14.prefab
  artifactKey: Guid(4e7bc0a8b112c984fb16cf716888808f) Importer(2089858483,0ecaa5967403d082aa24f35e1b516d23)
Start importing Assets/Toon Muzzleflash Pack/Example Prefabs/Toon Muzzleflash 14.prefab using Guid(4e7bc0a8b112c984fb16cf716888808f) Importer(2089858483,0ecaa5967403d082aa24f35e1b516d23)  -> (artifact id: '07b346afc4450670bf8154a56b5e1215') in 0.026421 seconds
Number of updated asset objects reloaded before import = 0
Number of asset objects unloaded after import = 16
========================================================================
Received Import Request.
  Time since last request: 0.000017 seconds.
  path: Assets/AK Pack FREE/AK-74U/Textures/74u_M_74U_AlbedoTransparency.png
  artifactKey: Guid(8346115198522da4eba345752b53aed4) Importer(2089858483,0ecaa5967403d082aa24f35e1b516d23)
Start importing Assets/AK Pack FREE/AK-74U/Textures/74u_M_74U_AlbedoTransparency.png using Guid(8346115198522da4eba345752b53aed4) Importer(2089858483,0ecaa5967403d082aa24f35e1b516d23)  -> (artifact id: '2659085b5dd311a3fe808f211dfb468d') in 0.025434 seconds
Number of updated asset objects reloaded before import = 0
Number of asset objects unloaded after import = 1
========================================================================
Received Import Request.
  Time since last request: 0.000017 seconds.
  path: Assets/Materials/Color.asset
  artifactKey: Guid(3ab2fbcf9c389e945ae559206d2be865) Importer(2089858483,0ecaa5967403d082aa24f35e1b516d23)
Start importing Assets/Materials/Color.asset using Guid(3ab2fbcf9c389e945ae559206d2be865) Importer(2089858483,0ecaa5967403d082aa24f35e1b516d23)  -> (artifact id: 'f008ab1482c6b3945fe0ca0e4362dbdd') in 0.017283 seconds
Number of updated asset objects reloaded before import = 0
Number of asset objects unloaded after import = 1
========================================================================
Received Import Request.
  Time since last request: 0.000024 seconds.
  path: Assets/AK Pack FREE/AK-74U/Textures/74u_mag2_M_74U_Mag2_Normal.png
  artifactKey: Guid(5c4a802777574dc418cad8cc0ea76d88) Importer(2089858483,0ecaa5967403d082aa24f35e1b516d23)
Start importing Assets/AK Pack FREE/AK-74U/Textures/74u_mag2_M_74U_Mag2_Normal.png using Guid(5c4a802777574dc418cad8cc0ea76d88) Importer(2089858483,0ecaa5967403d082aa24f35e1b516d23)  -> (artifact id: '9bec0429b408b6586a6aff0d73755bc6') in 0.024907 seconds
Number of updated asset objects reloaded before import = 0
Number of asset objects unloaded after import = 1
========================================================================
Received Import Request.
  Time since last request: 0.000017 seconds.
  path: Assets/Scripts/MenuManager.cs
  artifactKey: Guid(660ad29c843bd2d4790cb9d96d1720ad) Importer(2089858483,0ecaa5967403d082aa24f35e1b516d23)
Start importing Assets/Scripts/MenuManager.cs using Guid(660ad29c843bd2d4790cb9d96d1720ad) Importer(2089858483,0ecaa5967403d082aa24f35e1b516d23)  -> (artifact id: '2b629509e4baa93436916452b53cd06d') in 0.013827 seconds
Number of updated asset objects reloaded before import = 0
Number of asset objects unloaded after import = 1
========================================================================
Received Import Request.
  Time since last request: 0.000021 seconds.
  path: Assets/AK Pack FREE/AK-74U/Textures/74u_parts_M_74U_Silencer_AlbedoTransparency.png
  artifactKey: Guid(4025bf2a65fa13743b75afdf10d95ef6) Importer(2089858483,0ecaa5967403d082aa24f35e1b516d23)
Start importing Assets/AK Pack FREE/AK-74U/Textures/74u_parts_M_74U_Silencer_AlbedoTransparency.png using Guid(4025bf2a65fa13743b75afdf10d95ef6) Importer(2089858483,0ecaa5967403d082aa24f35e1b516d23)  -> (artifact id: 'b8a95ee043f01f08a3f8e9e682cdf5b0') in 0.022479 seconds
Number of updated asset objects reloaded before import = 0
Number of asset objects unloaded after import = 1
========================================================================
Received Import Request.
  Time since last request: 0.000088 seconds.
  path: Assets/TextMesh Pro/Shaders/TMP_SDF-Surface.shader
  artifactKey: Guid(f7ada0af4f174f0694ca6a487b8f543d) Importer(2089858483,0ecaa5967403d082aa24f35e1b516d23)
Start importing Assets/TextMesh Pro/Shaders/TMP_SDF-Surface.shader using Guid(f7ada0af4f174f0694ca6a487b8f543d) Importer(2089858483,0ecaa5967403d082aa24f35e1b516d23)  -> (artifact id: '6448513344957baab3aec338eecec379') in 0.016478 seconds
Number of updated asset objects reloaded before import = 0
Number of asset objects unloaded after import = 1
========================================================================
Received Import Request.
  Time since last request: 0.000074 seconds.
  path: Assets/AK Pack FREE/AK-74U/Textures/74u_parts_M_74U_Trigger_MetallicSmoothness.png
  artifactKey: Guid(8d5815c8592f6874aba50903635bdf42) Importer(2089858483,0ecaa5967403d082aa24f35e1b516d23)
Start importing Assets/AK Pack FREE/AK-74U/Textures/74u_parts_M_74U_Trigger_MetallicSmoothness.png using Guid(8d5815c8592f6874aba50903635bdf42) Importer(2089858483,0ecaa5967403d082aa24f35e1b516d23)  -> (artifact id: '0ba163b998874e26e010e3b4e699ff89') in 0.023571 seconds
Number of updated asset objects reloaded before import = 0
Number of asset objects unloaded after import = 1
========================================================================
Received Import Request.
  Time since last request: 0.000123 seconds.
  path: Assets/TextMesh Pro/Shaders/TMPro_Properties.cginc
  artifactKey: Guid(3997e2241185407d80309a82f9148466) Importer(2089858483,0ecaa5967403d082aa24f35e1b516d23)
Start importing Assets/TextMesh Pro/Shaders/TMPro_Properties.cginc using Guid(3997e2241185407d80309a82f9148466) Importer(2089858483,0ecaa5967403d082aa24f35e1b516d23)  -> (artifact id: 'f8560610c831e1b6c3d9cb8dc13ca515') in 0.019006 seconds
Number of updated asset objects reloaded before import = 0
Number of asset objects unloaded after import = 1
========================================================================
Received Import Request.
  Time since last request: 0.000059 seconds.
  path: Assets/Toon Muzzleflash Pack/Components/Spritesheets/Front/toon_muzzleflash_front_spritesheet_3.png
  artifactKey: Guid(544c96a9f753eb348915697c8636f7aa) Importer(2089858483,0ecaa5967403d082aa24f35e1b516d23)
Start importing Assets/Toon Muzzleflash Pack/Components/Spritesheets/Front/toon_muzzleflash_front_spritesheet_3.png using Guid(544c96a9f753eb348915697c8636f7aa) Importer(2089858483,0ecaa5967403d082aa24f35e1b516d23)  -> (artifact id: '5291ee19da8cd025ae0c1a25e1e20120') in 0.038654 seconds
Number of updated asset objects reloaded before import = 0
Number of asset objects unloaded after import = 11
========================================================================
Received Import Request.
  Time since last request: 0.000018 seconds.
  path: Assets/TextMesh Pro/Fonts/LiberationSans - OFL.txt
  artifactKey: Guid(6e59c59b81ab47f9b6ec5781fa725d2c) Importer(2089858483,0ecaa5967403d082aa24f35e1b516d23)
Start importing Assets/TextMesh Pro/Fonts/LiberationSans - OFL.txt using Guid(6e59c59b81ab47f9b6ec5781fa725d2c) Importer(2089858483,0ecaa5967403d082aa24f35e1b516d23)  -> (artifact id: '09a3776ddc0129f1b802ec2d9b642ad1') in 0.016393 seconds
Number of updated asset objects reloaded before import = 0
Number of asset objects unloaded after import = 1
========================================================================
Received Import Request.
  Time since last request: 0.000020 seconds.
  path: Assets/AK Pack FREE/AK-74U/Textures/74u_M_74U_Normal.png
  artifactKey: Guid(fe2605cd7c35e3c4d8a43709b664f35d) Importer(2089858483,0ecaa5967403d082aa24f35e1b516d23)
Start importing Assets/AK Pack FREE/AK-74U/Textures/74u_M_74U_Normal.png using Guid(fe2605cd7c35e3c4d8a43709b664f35d) Importer(2089858483,0ecaa5967403d082aa24f35e1b516d23)  -> (artifact id: 'e33dacd76e46e573bb4e928de29a79db') in 0.025501 seconds
Number of updated asset objects reloaded before import = 0
Number of asset objects unloaded after import = 1
========================================================================
Received Import Request.
  Time since last request: 0.000020 seconds.
  path: Assets/TextMesh Pro/Shaders/TMP_SDF.shader
  artifactKey: Guid(68e6db2ebdc24f95958faec2be5558d6) Importer(2089858483,0ecaa5967403d082aa24f35e1b516d23)
Start importing Assets/TextMesh Pro/Shaders/TMP_SDF.shader using Guid(68e6db2ebdc24f95958faec2be5558d6) Importer(2089858483,0ecaa5967403d082aa24f35e1b516d23)  -> (artifact id: '674949d8d80206f1ed46a615a27eea85') in 0.015715 seconds
Number of updated asset objects reloaded before import = 0
Number of asset objects unloaded after import = 1
========================================================================
Received Import Request.
  Time since last request: 0.000072 seconds.
  path: Assets/Toon Muzzleflash Pack/Example Prefabs/Toon Muzzleflash 16.prefab
  artifactKey: Guid(c21ec583e5b23614ca97b6233ab6d053) Importer(2089858483,0ecaa5967403d082aa24f35e1b516d23)
Start importing Assets/Toon Muzzleflash Pack/Example Prefabs/Toon Muzzleflash 16.prefab using Guid(c21ec583e5b23614ca97b6233ab6d053) Importer(2089858483,0ecaa5967403d082aa24f35e1b516d23)  -> (artifact id: '5ea219464735f5d38bc2757c59f0b29f') in 0.024214 seconds
Number of updated asset objects reloaded before import = 0
Number of asset objects unloaded after import = 21
========================================================================
Received Import Request.
  Time since last request: 0.000021 seconds.
  path: Assets/Materials/cityskyline.png
  artifactKey: Guid(3e0f087d11643ff4590e16b5619fabb3) Importer(2089858483,0ecaa5967403d082aa24f35e1b516d23)
Start importing Assets/Materials/cityskyline.png using Guid(3e0f087d11643ff4590e16b5619fabb3) Importer(2089858483,0ecaa5967403d082aa24f35e1b516d23)  -> (artifact id: '2b31064005066a03603112027e2efcbc') in 0.033399 seconds
Number of updated asset objects reloaded before import = 0
Number of asset objects unloaded after import = 3
========================================================================
Received Import Request.
  Time since last request: 0.000023 seconds.
  path: Assets/TextMesh Pro/Shaders/TMP_SDF-Surface-Mobile.shader
  artifactKey: Guid(85187c2149c549c5b33f0cdb02836b17) Importer(2089858483,0ecaa5967403d082aa24f35e1b516d23)
Start importing Assets/TextMesh Pro/Shaders/TMP_SDF-Surface-Mobile.shader using Guid(85187c2149c549c5b33f0cdb02836b17) Importer(2089858483,0ecaa5967403d082aa24f35e1b516d23)  -> (artifact id: 'f1677509a1567043b669fde1adb7d210') in 0.018354 seconds
Number of updated asset objects reloaded before import = 0
Number of asset objects unloaded after import = 1
========================================================================
Received Import Request.
  Time since last request: 0.000017 seconds.
  path: Assets/AK Pack FREE/AK-74U/Materials/M_74U_Mag2.mat
  artifactKey: Guid(b01aa8544d9785e438cfcb6ff1e5e7f2) Importer(2089858483,0ecaa5967403d082aa24f35e1b516d23)
Start importing Assets/AK Pack FREE/AK-74U/Materials/M_74U_Mag2.mat using Guid(b01aa8544d9785e438cfcb6ff1e5e7f2) Importer(2089858483,0ecaa5967403d082aa24f35e1b516d23)  -> (artifact id: '7cccdc3bd15eb1e168ad2dd08e12b961') in 0.019889 seconds
Number of updated asset objects reloaded before import = 0
Number of asset objects unloaded after import = 4
========================================================================
Received Import Request.
  Time since last request: 0.000022 seconds.
  path: Assets/Toon Muzzleflash Pack/Example Prefabs/Toon Muzzleflash 3.prefab
  artifactKey: Guid(b7d03fb0762c75449af69d624547e358) Importer(2089858483,0ecaa5967403d082aa24f35e1b516d23)
Start importing Assets/Toon Muzzleflash Pack/Example Prefabs/Toon Muzzleflash 3.prefab using Guid(b7d03fb0762c75449af69d624547e358) Importer(2089858483,0ecaa5967403d082aa24f35e1b516d23)  -> (artifact id: '1e9060394d31f43a50f3215279a881c3') in 0.031625 seconds
Number of updated asset objects reloaded before import = 0
Number of asset objects unloaded after import = 21
========================================================================
Received Import Request.
  Time since last request: 0.000022 seconds.
  path: Assets/Toon Muzzleflash Pack/Example Prefabs/Toon Muzzleflash 21.prefab
  artifactKey: Guid(a537f804ed82f9046a91ed38520d6b87) Importer(2089858483,0ecaa5967403d082aa24f35e1b516d23)
Start importing Assets/Toon Muzzleflash Pack/Example Prefabs/Toon Muzzleflash 21.prefab using Guid(a537f804ed82f9046a91ed38520d6b87) Importer(2089858483,0ecaa5967403d082aa24f35e1b516d23)  -> (artifact id: '205695c264ea3cae3c5e2c53072bce4d') in 0.025329 seconds
Number of updated asset objects reloaded before import = 0
Number of asset objects unloaded after import = 21
========================================================================
Received Import Request.
  Time since last request: 0.000022 seconds.
  path: Assets/Toon Muzzleflash Pack/Example Prefabs/Toon Muzzleflash 18.prefab
  artifactKey: Guid(ae12d87e2c868584f91d48cab717fe2b) Importer(2089858483,0ecaa5967403d082aa24f35e1b516d23)
Start importing Assets/Toon Muzzleflash Pack/Example Prefabs/Toon Muzzleflash 18.prefab using Guid(ae12d87e2c868584f91d48cab717fe2b) Importer(2089858483,0ecaa5967403d082aa24f35e1b516d23)  -> (artifact id: '838c4bd0d3b9acbeffd32c7e9f9b4138') in 0.022229 seconds
Number of updated asset objects reloaded before import = 0
Number of asset objects unloaded after import = 21
========================================================================
Received Import Request.
  Time since last request: 0.000023 seconds.
  path: Assets/AK Pack FREE/AK-74U/Textures/74u_parts_M_74U_Mag_MetallicSmoothness.png
  artifactKey: Guid(ba6830d6fdf0784478f67d05a3f68f4f) Importer(2089858483,0ecaa5967403d082aa24f35e1b516d23)
Start importing Assets/AK Pack FREE/AK-74U/Textures/74u_parts_M_74U_Mag_MetallicSmoothness.png using Guid(ba6830d6fdf0784478f67d05a3f68f4f) Importer(2089858483,0ecaa5967403d082aa24f35e1b516d23)  -> (artifact id: '010243ec091ade66de409dd9b8c15b35') in 0.027701 seconds
Number of updated asset objects reloaded before import = 0
Number of asset objects unloaded after import = 1
========================================================================
Received Prepare
Refreshing native plugins compatible for Editor in 2.27 ms, found 3 plugins.
Preloading 0 native plugins for Editor in 0.00 ms.
Unloading 0 Unused Serialized files (Serialized files now loaded: 0)
Unloading 1 unused Assets / (0.9 KB). Loaded Objects now: 3610.
Memory consumption went from 73.7 MB to 73.7 MB.
Total: 2.837100 ms (FindLiveObjects: 0.213900 ms CreateObjectMapping: 0.085100 ms MarkObjects: 2.520000 ms  DeleteObjects: 0.017300 ms)

Prepare: number of updated asset objects reloaded= 0
AssetImportParameters requested are different than current active one (requested -> active):
  custom:container-demuxer-ogg: 62fdf1f143b41e24485cea50d1cbac27 -> 
  custom:video-decoder-ogg-theora: a1e56fd34408186e4bbccfd4996cb3dc -> 
  custom:framework-win-MediaFoundation: 216162199b28c13a410421893ffa2e32 -> 
  custom:CustomObjectIndexerAttribute: 9a22284fe3817be447336de3de66b15e -> 
  custom:container-demuxer-webm: 4f35f7cbe854078d1ac9338744f61a02 -> 
  custom:container-muxer-webm: aa71ff27fc2769a1b78a27578f13a17b -> 
  custom:video-decoder-webm-vp8: 9c59270c3fd7afecdb556c50c9e8de78 -> 
  custom:SearchIndexIgnoredProperties: e643bd26f0fe6173181afceb89e7c659 -> 
  custom:AudioImporter_EditorPlatform: d09bf68614088b80899f8185d706f6e7 -> 
  custom:video-encoder-webm-vp8: eb34c28f22e8b96e1ab97ce403110664 -> 
  custom:audio-decoder-ogg-vorbis: bf7c407c2cedff20999df2af8eb42d56 -> 
  custom:audio-encoder-webm-vorbis: bf7c407c2cedff20999df2af8eb42d56 -> 
